<?xml version="1.0" encoding="UTF-8"?>
<!-- Generated by org.testng.reporters.JUnitReportReporter -->
<testsuite hostname="DESKTOP-0DP9TTD" failures="0" tests="1" name="com.datadriven.test.LoginTest" time="13.278" errors="0" timestamp="2024-09-08T20:17:08 IST" skipped="0">
  <testcase classname="com.datadriven.test.LoginTest" name="openBrowser" time="13.278"/>
</testsuite> <!-- com.datadriven.test.LoginTest -->
